<?xml version="1.0" encoding="UTF-8"?>
<!-- Generated by org.testng.reporters.JUnitReportReporter -->
<testsuite hostname="Mayuri-Dasri14" failures="0" tests="1" name="Test_Cases.Login_Test" time="7.226" errors="0" timestamp="2024-12-01T09:47:31 IST" skipped="0">
  <testcase classname="Test_Cases.Login_Test" name="login" time="7.226"/>
</testsuite> <!-- Test_Cases.Login_Test -->
